<?xml version="1.0" encoding="UTF-8"?>
<!-- Generated by org.testng.reporters.JUnitReportReporter -->
<testsuite skipped="0" hostname="ip-172-31-32-197" name="com.ecom.webapp.AmazonHomepageTest" tests="2" failures="0" timestamp="2021-06-27T15:03:58 UTC" time="6.079" errors="0">
  <testcase name="testForAmazonSourceURL" time="3.182" classname="com.ecom.webapp.AmazonHomepageTest"/>
  <system-out/>
  <testcase name="testForAmazonHomepage" time="2.897" classname="com.ecom.webapp.AmazonHomepageTest"/>
  <system-out/>
</testsuite> <!-- com.ecom.webapp.AmazonHomepageTest -->
