<?xml version="1.0" encoding="UTF-8"?>
<!-- Generated by org.testng.reporters.JUnitReportReporter -->
<testsuite skipped="0" hostname="ip-172-31-32-197" name="com.ecom.webapp.facebook.FacebookLoginTest" tests="1" failures="0" timestamp="2021-06-27T15:28:20 UTC" time="23.397" errors="0">
  <testcase name="invalidUserCredsTest" time="23.397" classname="com.ecom.webapp.facebook.FacebookLoginTest"/>
  <system-out/>
</testsuite> <!-- com.ecom.webapp.facebook.FacebookLoginTest -->
