<?xml version="1.0" encoding="UTF-8"?>
<!-- Generated by org.testng.reporters.JUnitReportReporter -->
<testsuite skipped="0" hostname="ip-172-31-32-197" name="com.ecom.webapp.BrowserGroupTest" tests="6" failures="0" timestamp="2021-06-27T17:24:39 UTC" time="7.273" errors="0">
  <testcase name="testFaceBookHomePage" time="0.043" classname="com.ecom.webapp.BrowserGroupTest"/>
  <system-out/>
  <testcase name="lauchChromeTest" time="2.412" classname="com.ecom.webapp.BrowserGroupTest"/>
  <system-out/>
  <testcase name="testAmazonHomePageTitle" time="0.018" classname="com.ecom.webapp.BrowserGroupTest"/>
  <system-out/>
  <testcase name="lauchFirefoxTest" time="3.781" classname="com.ecom.webapp.BrowserGroupTest"/>
  <system-out/>
  <testcase name="testAmazonSourceURL" time="0.130" classname="com.ecom.webapp.BrowserGroupTest"/>
  <system-out/>
  <testcase name="testFaceLoginPage" time="0.889" classname="com.ecom.webapp.BrowserGroupTest"/>
  <system-out/>
</testsuite> <!-- com.ecom.webapp.BrowserGroupTest -->
