<?xml version="1.0" encoding="UTF-8"?>
<!-- Generated by org.testng.reporters.JUnitReportReporter -->
<testsuite skipped="0" hostname="ip-172-31-32-197" name="com.ecom.webapp.amazon.AmazonHomepageTest" tests="2" failures="0" timestamp="2021-06-27T17:24:39 UTC" time="7.064" errors="0">
  <testcase name="testForAmazonSourceURL" time="3.141" classname="com.ecom.webapp.amazon.AmazonHomepageTest"/>
  <system-out/>
  <testcase name="testForAmazonHomepage" time="3.923" classname="com.ecom.webapp.amazon.AmazonHomepageTest"/>
  <system-out/>
</testsuite> <!-- com.ecom.webapp.amazon.AmazonHomepageTest -->
