<?xml version="1.0" encoding="UTF-8"?>
<!-- Generated by org.testng.reporters.JUnitReportReporter -->
<testsuite skipped="0" hostname="ip-172-31-32-197" name="com.ecom.webapp.amazon.AmazoNavLinkTest" tests="2" failures="0" timestamp="2021-06-27T15:28:20 UTC" time="9.006" errors="0">
  <testcase name="testFashionLinkNavigation" time="4.439" classname="com.ecom.webapp.amazon.AmazoNavLinkTest"/>
  <system-out/>
  <testcase name="testMobileLinkNavigation" time="4.567" classname="com.ecom.webapp.amazon.AmazoNavLinkTest"/>
  <system-out/>
</testsuite> <!-- com.ecom.webapp.amazon.AmazoNavLinkTest -->
