<?xml version="1.0" encoding="UTF-8"?>
<!-- Generated by org.testng.reporters.JUnitReportReporter -->
<testsuite skipped="0" hostname="ip-172-31-32-197" name="com.ecom.webapp.TestNGAssertionTest" tests="2" failures="0" timestamp="2021-06-27T17:18:13 UTC" time="0.020" errors="0">
  <testcase name="hardAsserTest" time="0.015" classname="com.ecom.webapp.TestNGAssertionTest"/>
  <system-out/>
  <testcase name="softAssert" time="0.005" classname="com.ecom.webapp.TestNGAssertionTest"/>
  <system-out/>
</testsuite> <!-- com.ecom.webapp.TestNGAssertionTest -->
