<?xml version="1.0" encoding="UTF-8"?>
<!-- Generated by org.testng.reporters.JUnitReportReporter -->
<testsuite skipped="0" hostname="ip-172-31-32-197" name="com.ecom.webapp.amazon.AmazoNavLinkTest" tests="2" failures="0" timestamp="2021-06-27T17:24:39 UTC" time="9.951" errors="0">
  <testcase name="testFashionLinkNavigation" time="5.021" classname="com.ecom.webapp.amazon.AmazoNavLinkTest"/>
  <system-out/>
  <testcase name="testMobileLinkNavigation" time="4.930" classname="com.ecom.webapp.amazon.AmazoNavLinkTest"/>
  <system-out/>
</testsuite> <!-- com.ecom.webapp.amazon.AmazoNavLinkTest -->
