<?xml version="1.0" encoding="UTF-8"?>
<!-- Generated by org.testng.reporters.JUnitReportReporter -->
<testsuite skipped="0" hostname="ip-172-31-32-197" name="com.ecom.webapp.amazon.AmazonHomepageTest" tests="2" failures="0" timestamp="2021-06-27T15:28:20 UTC" time="5.793" errors="0">
  <testcase name="testForAmazonSourceURL" time="3.271" classname="com.ecom.webapp.amazon.AmazonHomepageTest"/>
  <system-out/>
  <testcase name="testForAmazonHomepage" time="2.522" classname="com.ecom.webapp.amazon.AmazonHomepageTest"/>
  <system-out/>
</testsuite> <!-- com.ecom.webapp.amazon.AmazonHomepageTest -->
