<?xml version="1.0" encoding="UTF-8"?>
<!-- Generated by org.testng.reporters.JUnitReportReporter -->
<testsuite skipped="0" hostname="ip-172-31-32-197" name="com.ecom.webapp.amazon.FacebookLoginTest" tests="1" failures="0" timestamp="2021-06-27T15:13:14 UTC" time="26.248" errors="0">
  <testcase name="invalidUserCredsTest" time="26.248" classname="com.ecom.webapp.amazon.FacebookLoginTest"/>
  <system-out/>
</testsuite> <!-- com.ecom.webapp.amazon.FacebookLoginTest -->
