<?xml version="1.0" encoding="UTF-8"?>
<!-- Generated by org.testng.reporters.JUnitReportReporter -->
<testsuite skipped="0" hostname="ip-172-31-32-197" name="com.ecom.webapp.StandardAnnotationsTestNGTest" tests="2" failures="0" timestamp="2021-06-27T14:46:08 UTC" time="0.012" errors="0">
  <testcase name="testTwo" time="0.002" classname="com.ecom.webapp.StandardAnnotationsTestNGTest"/>
  <system-out/>
  <testcase name="testOne" time="0.010" classname="com.ecom.webapp.StandardAnnotationsTestNGTest"/>
  <system-out/>
</testsuite> <!-- com.ecom.webapp.StandardAnnotationsTestNGTest -->
